<?xml version="1.0" encoding="UTF-8"?>
<!-- Generated by org.testng.reporters.JUnitReportReporter -->
<testsuite hostname="DESKTOP-NRLKFC5" failures="0" tests="1" name="tests.AddToCart" time="5.167" errors="0" timestamp="14 Aug 2022 20:31:11 GMT">
  <testcase classname="tests.AddToCart" name="checkAddToCart" time="5.167"/>
</testsuite> <!-- tests.AddToCart -->
