<?xml version="1.0" encoding="UTF-8"?>
<!-- Generated by org.testng.reporters.JUnitReportReporter -->
<testsuite hostname="DESKTOP-NRLKFC5" failures="0" tests="1" name="tests.FixedRate" time="6.379" errors="0" timestamp="9 Mar 2022 19:02:43 GMT">
  <testcase classname="tests.FixedRate" name="creatFixedRateContract" time="6.379"/>
</testsuite> <!-- tests.FixedRate -->
