<?xml version="1.0" encoding="UTF-8"?>
<!-- Generated by org.testng.reporters.JUnitReportReporter -->
<testsuite hostname="DESKTOP-NRLKFC5" failures="0" tests="1" name="tests.AddToCart" time="5.269" errors="0" timestamp="15 Aug 2022 13:55:03 GMT">
  <testcase classname="tests.AddToCart" name="checkAddToCart" time="5.269"/>
</testsuite> <!-- tests.AddToCart -->
